Pre-calculated muscle quantities exists:
	load Rajagopal2015_passiveCal_hipAbdMoved_N5.json

Targ model: s01boot_calibrated.osim
	Coordinates: hip_flexion_r, hip_adduction_r, hip_rotation_r
		N muscles: 18
	Coordinates: hip_flexion_r, hip_adduction_r, hip_rotation_r, knee_angle_r
		N muscles: 7
	Coordinates: knee_angle_r
		N muscles: 4
	Coordinates: knee_angle_r, ankle_angle_r, subtalar_angle_r
		N muscles: 2
	Coordinates: ankle_angle_r, subtalar_angle_r
		N muscles: 9

addbrev_r
	OFL   : 0.103100;	-9.7253 %
	TSL   : 0.035450;	0.2646 %
	eval  : 115 / 125
	error : 4.8696e-07

addlong_r
	OFL   : 0.108200;	-11.1617 %
	TSL   : 0.131799;	-1.9612 %
	eval  : 115 / 125
	error : 1.8138e-06

addmagDist_r
	OFL   : 0.177200;	-11.0942 %
	TSL   : 0.087381;	4.3716 %
	eval  : 125 / 125
	error : 3.9028e-06

addmagIsch_r
	OFL   : 0.156200;	-11.1111 %
	TSL   : 0.216343;	-1.7486 %
	eval  : 125 / 125
	error : 3.8487e-06

addmagMid_r
	OFL   : 0.137700;	-10.8574 %
	TSL   : 0.046628;	5.7353 %
	eval  : 125 / 125
	error : 3.3951e-06

addmagProx_r
	OFL   : 0.105600;	-8.6708 %
	TSL   : 0.040324;	-6.6970 %
	eval  : 111 / 125
	error : 2.0647e-07

bflh_r
	OFL   : 0.097601;	-8.5544 %
	TSL   : 0.325228;	-4.8965 %
	eval  : 514 / 625
	error : 2.1021e-03

glmax1_r
	OFL   : 0.147000;	-9.1187 %
	TSL   : 0.048841;	-10.4246 %
	eval  : 125 / 125
	error : 8.5488e-04

glmax2_r
	OFL   : 0.157000;	-8.9764 %
	TSL   : 0.067887;	-8.4137 %
	eval  : 125 / 125
	error : 6.2422e-06

glmax3_r
	OFL   : 0.167000;	-9.8296 %
	TSL   : 0.069717;	-4.1176 %
	eval  : 125 / 125
	error : 1.7224e-05

glmed1_r
	OFL   : 0.076631;	-6.6739 %
	TSL   : 0.058593;	-13.3033 %
	eval  : 104 / 125
	error : 3.9116e-07

glmed2_r
	OFL   : 0.084358;	-6.4540 %
	TSL   : 0.075401;	-13.6695 %
	eval  : 117 / 125
	error : 7.4993e-07

glmed3_r
	OFL   : 0.078033;	-6.9087 %
	TSL   : 0.048351;	-13.8671 %
	eval  : 118 / 125
	error : 7.1640e-07

glmin1_r
	OFL   : 0.081439;	-6.5224 %
	TSL   : 0.019327;	-23.0992 %
	eval  : 102 / 125
	error : 6.2068e-07

glmin2_r
	OFL   : 0.068736;	-6.5857 %
	TSL   : 0.032035;	-16.7338 %
	eval  : 104 / 125
	error : 4.2761e-07

glmin3_r
	OFL   : 0.035385;	-7.5672 %
	TSL   : 0.047372;	-10.2231 %
	eval  : 90 / 125
	error : 2.0766e-08

grac_r
	OFL   : 0.227801;	-7.1514 %
	TSL   : 0.172014;	-2.3389 %
	eval  : 625 / 625
	error : 2.8568e-03

iliacus_r
	OFL   : 0.106600;	-7.8241 %
	TSL   : 0.096121;	-10.7697 %
	eval  : 109 / 125
	error : 6.8346e-04

piri_r
	OFL   : 0.026000;	-7.3591 %
	TSL   : 0.114906;	-10.4427 %
	eval  : 88 / 125
	error : 3.9965e-08

psoas_r
	OFL   : 0.116900;	-9.9767 %
	TSL   : 0.099543;	-9.6338 %
	eval  : 125 / 125
	error : 3.5812e-05

recfem_r
	OFL   : 0.075899;	-7.3439 %
	TSL   : 0.448490;	-4.6864 %
	eval  : 427 / 625
	error : 2.3329e-03

sart_r
	OFL   : 0.403001;	-9.1143 %
	TSL   : 0.124000;	5.9272 %
	eval  : 625 / 625
	error : 2.1412e-03

semimem_r
	OFL   : 0.069000;	-7.0588 %
	TSL   : 0.347588;	-5.5676 %
	eval  : 438 / 625
	error : 2.1818e-03

semiten_r
	OFL   : 0.193001;	-7.3951 %
	TSL   : 0.247200;	-3.7534 %
	eval  : 615 / 625
	error : 4.1023e-03

tfl_r
	OFL   : 0.093137;	-8.5040 %
	TSL   : 0.440680;	-5.7823 %
	eval  : 298 / 625
	error : 2.4804e-05

bfsh_r
	OFL   : 0.110301;	-1.9729 %
	TSL   : 0.105818;	-8.3215 %
	eval  : 5 / 5
	error : 3.4121e-08

gaslat_r
	OFL   : 0.058800;	-5.5489 %
	TSL   : 0.376071;	-1.6340 %
	eval  : 76 / 125
	error : 1.6820e-06

gasmed_r
	OFL   : 0.051000;	-5.6231 %
	TSL   : 0.398716;	-1.8228 %
	eval  : 62 / 125
	error : 3.3092e-07

vasint_r
	OFL   : 0.099299;	-1.0113 %
	TSL   : 0.202208;	-6.4593 %
	eval  : 5 / 5
	error : 2.6835e-07

vaslat_r
	OFL   : 0.099399;	-1.3865 %
	TSL   : 0.220599;	-6.1072 %
	eval  : 5 / 5
	error : 9.7031e-08

vasmed_r
	OFL   : 0.096799;	-1.5482 %
	TSL   : 0.199902;	-5.9831 %
	eval  : 5 / 5
	error : 2.3740e-07

edl_r
	OFL   : 0.069300;	-2.3350 %
	TSL   : 0.368875;	-3.2946 %
	eval  : 25 / 25
	error : 1.5825e-07

ehl_r
	OFL   : 0.074800;	-2.5742 %
	TSL   : 0.326795;	-3.4917 %
	eval  : 25 / 25
	error : 9.9158e-08

fdl_r
	OFL   : 0.044600;	-5.1545 %
	TSL   : 0.378773;	-3.4184 %
	eval  : 25 / 25
	error : 5.4250e-09

fhl_r
	OFL   : 0.052700;	-4.5358 %
	TSL   : 0.354340;	-3.6346 %
	eval  : 25 / 25
	error : 7.2327e-09

perbrev_r
	OFL   : 0.045400;	-3.3220 %
	TSL   : 0.147528;	-2.3697 %
	eval  : 25 / 25
	error : 6.7466e-09

perlong_r
	OFL   : 0.050800;	-2.0204 %
	TSL   : 0.332221;	-3.0268 %
	eval  : 25 / 25
	error : 3.9157e-08

soleus_r
	OFL   : 0.044000;	-5.3190 %
	TSL   : 0.276756;	-1.6335 %
	eval  : 20 / 25
	error : 5.2785e-08

tibant_r
	OFL   : 0.068300;	-2.2816 %
	TSL   : 0.240461;	-2.5823 %
	eval  : 25 / 25
	error : 6.4543e-08

tibpost_r
	OFL   : 0.037800;	-5.6239 %
	TSL   : 0.280780;	-2.0866 %
	eval  : 24 / 25
	error : 7.9129e-09
