Pre-calculated muscle quantities exists:
	load models/Rajagopal2015_passiveCal_hipAbdMoved_N2.json

Scaled model: models/s01boot_calibrated.osim
	Coordinates: hip_flexion_r, hip_adduction_r, hip_rotation_r
		N muscles: 18
	Coordinates: hip_flexion_r, hip_adduction_r, hip_rotation_r, knee_angle_r
		N muscles: 7
	Coordinates: knee_angle_r
		N muscles: 4
	Coordinates: knee_angle_r, ankle_angle_r, subtalar_angle_r
		N muscles: 2
	Coordinates: ankle_angle_r, subtalar_angle_r
		N muscles: 9

 addbrev_r
	OFL   : 0.103100;	-9.7986 %
	TSL   : 0.035450;	0.6298 %
	MIF   : 635.245;	-1.5061 %

 addlong_r
	OFL   : 0.108200;	-11.2657 %
	TSL   : 0.131799;	-1.8087 %
	MIF   : 918.337;	-0.1677 %

 addmagDist_r
	OFL   : 0.177200;	-11.3024 %
	TSL   : 0.087381;	4.9163 %
	MIF   : 598.099;	-0.1346 %

 addmagIsch_r
	OFL   : 0.156200;	-11.2441 %
	TSL   : 0.216343;	-1.6136 %
	MIF   : 598.413;	-0.1871 %

 addmagMid_r
	OFL   : 0.137700;	-10.8119 %
	TSL   : 0.046628;	5.7942 %
	MIF   : 600.747;	-0.5779 %

 addmagProx_r
	OFL   : 0.105600;	-8.6544 %
	TSL   : 0.040324;	-6.7033 %
	MIF   : 612.676;	-2.5751 %

 bflh_r
	OFL   : 0.097601;	-9.1881 %
	TSL   : 0.325228;	-4.5549 %
	MIF   : 1340.414;	-2.0736 %

 glmax1_r
	OFL   : 0.147000;	-9.6537 %
	TSL   : 0.048841;	-9.9927 %
	MIF   : 999.920;	-1.6403 %

 glmax2_r
	OFL   : 0.157000;	-8.9810 %
	TSL   : 0.067887;	-8.4939 %
	MIF   : 1437.930;	-2.2677 %

 glmax3_r
	OFL   : 0.167000;	-10.2552 %
	TSL   : 0.069717;	-2.7544 %
	MIF   : 958.044;	-1.0857 %

 glmed1_r
	OFL   : 0.076631;	-6.7497 %
	TSL   : 0.058593;	-13.2445 %
	MIF   : 1141.636;	-4.4052 %

 glmed2_r
	OFL   : 0.084358;	-6.5366 %
	TSL   : 0.075401;	-13.6446 %
	MIF   : 800.394;	-4.6141 %

 glmed3_r
	OFL   : 0.078033;	-6.9242 %
	TSL   : 0.048351;	-13.8973 %
	MIF   : 908.094;	-4.2349 %

 glmin1_r
	OFL   : 0.081439;	-6.9579 %
	TSL   : 0.019327;	-21.3434 %
	MIF   : 389.763;	-4.2020 %

 glmin2_r
	OFL   : 0.068736;	-6.8035 %
	TSL   : 0.032035;	-16.3023 %
	MIF   : 412.005;	-4.3526 %

 glmin3_r
	OFL   : 0.035385;	-7.5937 %
	TSL   : 0.047372;	-10.2147 %
	MIF   : 462.796;	-3.5863 %

 grac_r
	OFL   : 0.227801;	-6.3775 %
	TSL   : 0.172014;	-3.8326 %
	MIF   : 294.731;	-4.7705 %

 iliacus_r
	OFL   : 0.106600;	-10.3494 %
	TSL   : 0.096121;	-8.8218 %
	MIF   : 1031.347;	-0.9995 %

 piri_r
	OFL   : 0.026000;	-7.3511 %
	TSL   : 0.114906;	-10.4447 %
	MIF   : 1069.129;	-3.8204 %

 psoas_r
	OFL   : 0.116900;	-8.3641 %
	TSL   : 0.099543;	-10.4779 %
	MIF   : 1467.451;	-2.8498 %

 recfem_r
	OFL   : 0.075899;	-7.5148 %
	TSL   : 0.448490;	-4.5302 %
	MIF   : 2272.008;	-3.6622 %

 sart_r
	OFL   : 0.403001;	-8.5428 %
	TSL   : 0.124000;	4.2069 %
	MIF   : 256.099;	-2.6805 %

 semimem_r
	OFL   : 0.069000;	-6.7445 %
	TSL   : 0.347588;	-5.5338 %
	MIF   : 2298.056;	-4.4103 %

 semiten_r
	OFL   : 0.193001;	-6.1824 %
	TSL   : 0.247200;	-4.7626 %
	MIF   : 620.642;	-4.9631 %

 tfl_r
	OFL   : 0.093137;	-8.0614 %
	TSL   : 0.440680;	-5.9011 %
	MIF   : 424.110;	-3.1380 %

 bfsh_r
	OFL   : 0.110301;	-1.9675 %
	TSL   : 0.105818;	-8.4136 %
	MIF   : 608.936;	-9.3018 %

 gaslat_r
	OFL   : 0.058800;	-5.5652 %
	TSL   : 0.376071;	-1.5747 %
	MIF   : 1662.896;	-5.5767 %

 gasmed_r
	OFL   : 0.051000;	-3.4168 %
	TSL   : 0.398716;	-2.1202 %
	MIF   : 3357.589;	-7.7700 %

 vasint_r
	OFL   : 0.099299;	-1.2728 %
	TSL   : 0.202208;	-6.2438 %
	MIF   : 1867.972;	-10.0515 %

 vaslat_r
	OFL   : 0.099399;	-1.6295 %
	TSL   : 0.220599;	-5.9741 %
	MIF   : 5646.412;	-9.6653 %

 vasmed_r
	OFL   : 0.096799;	-1.8436 %
	TSL   : 0.199902;	-5.7791 %
	MIF   : 3007.073;	-9.4347 %

 edl_r
	OFL   : 0.069300;	-2.2404 %
	TSL   : 0.368875;	-3.3271 %
	MIF   : 657.873;	-9.0100 %

 ehl_r
	OFL   : 0.074800;	-2.5233 %
	TSL   : 0.326795;	-3.5191 %
	MIF   : 310.764;	-8.7092 %

 fdl_r
	OFL   : 0.044600;	-5.3708 %
	TSL   : 0.378773;	-3.4005 %
	MIF   : 447.601;	-5.7715 %

 fhl_r
	OFL   : 0.052700;	-4.6448 %
	TSL   : 0.354340;	-3.6216 %
	MIF   : 966.897;	-6.5053 %

 perbrev_r
	OFL   : 0.045400;	-3.3781 %
	TSL   : 0.147528;	-2.3543 %
	MIF   : 561.909;	-7.8103 %

 perlong_r
	OFL   : 0.050800;	-2.0489 %
	TSL   : 0.332221;	-3.0299 %
	MIF   : 1218.148;	-9.2146 %

 soleus_r
	OFL   : 0.044000;	-4.3574 %
	TSL   : 0.276756;	-1.7981 %
	MIF   : 6616.008;	-6.7986 %

 tibant_r
	OFL   : 0.068300;	-2.2519 %
	TSL   : 0.240461;	-2.6082 %
	MIF   : 1337.896;	-8.9978 %

 tibpost_r
	OFL   : 0.037800;	-5.0812 %
	TSL   : 0.280780;	-2.1409 %
	MIF   : 1835.054;	-6.0630 %

8.59 (s)
